<?xml version="1.0" encoding="UTF-8"?>
<testsuite name="com.example.project.TestInsertionSort" tests="6" skipped="0" failures="0" errors="0" timestamp="2025-02-27T13:38:47" hostname="codespaces-4e84b0" time="0.133">
  <properties/>
  <testcase name="testInsertionSort_EmptyArray()" classname="com.example.project.TestInsertionSort" time="0.029"/>
  <testcase name="testInsertionSort_ReverseSortedArray()" classname="com.example.project.TestInsertionSort" time="0.007"/>
  <testcase name="testInsertionSort_UnsortedArray()" classname="com.example.project.TestInsertionSort" time="0.009"/>
  <testcase name="testInsertionSort_AlreadySortedArray()" classname="com.example.project.TestInsertionSort" time="0.003"/>
  <testcase name="testInsertionSort_SingleElementArray()" classname="com.example.project.TestInsertionSort" time="0.001"/>
  <testcase name="testSelectionSort_Words()" classname="com.example.project.TestInsertionSort" time="0.067"/>
  <system-out><![CDATA[INSERTION SORT: Number of loop iterations: 0
INSERTION SORT: Number of loop iterations: 10
INSERTION SORT: Number of loop iterations: 5
INSERTION SORT: Number of loop iterations: 0
INSERTION SORT: Number of loop iterations: 0
INSERTION SORT: Number of loop iterations: 257349
]]></system-out>
  <system-err><![CDATA[]]></system-err>
</testsuite>
